<?xml version="1.0" encoding="UTF-8"?>
<!-- Generated by org.testng.reporters.JUnitReportReporter -->
<testsuite hostname="LAPTOP-8PAA0CNP" failures="0" tests="1" name="com_urbandecay_TestCases.PlaceOrder_RegUser" time="121.528" errors="0" timestamp="2021-08-10T12:03:37 IST" skipped="0">
  <testcase classname="com_urbandecay_TestCases.PlaceOrder_RegUser" name="LoginUserPalce_SingleProduct_Order_usingCC" time="121.528"/>
  <system-out>
Face menu category is displaying now Foundation category is clicked and displaying and now user is in foundation landing page ======================================== Product has been added to cart from PLP User is navigating to Cart page ======================================== Go to my cart button is not displaying Secure_Checkout_promotion button is enabled User is navigating to Checkout pages ======================================== buttonContinueAddress  is displaying and user clicked on it First Name is = test name one Last Name is = test lastnm street is = 1 microsoft way city is = redmond zipcode is = 98502 phone is = 3332223232 state from dropdown is = Washington state from dropdown is = Washington Continue to Payment button is displaying and enabled ======================================== ===============Credit Card payment option is selected========================= Card Name entered is = null Card Number entered is = null Month selected is = [[ChromeDriver: chrome on WINDOWS (48f521a09969f73815233ced053fbfde)] -> xpath: //select[@id='dwfrm_billing_paymentMethods_creditCard_month']] Year selected is = [[ChromeDriver: chrome on WINDOWS (48f521a09969f73815233ced053fbfde)] -> xpath: //select[@id='dwfrm_billing_paymentMethods_creditCard_year']] Security Code entered is = [[ChromeDriver: chrome on WINDOWS (48f521a09969f73815233ced053fbfde)] -> xpath: //input[@id='dwfrm_billing_paymentMethods_creditCard_cvn']] ======================================== ======================================== ===========Title and Ordered Date are displaying===============  </system-out>
</testsuite> <!-- com_urbandecay_TestCases.PlaceOrder_RegUser -->
